make all --print-data-base --no-builtin-variables --no-builtin-rules --question
Makefile:51: *** missing separator.  Stop.

# GNU Make 4.2.1
# Built for x86_64-pc-linux-gnu
# Copyright (C) 1988-2016 Free Software Foundation, Inc.
# License GPLv3+: GNU GPL version 3 or later <http://gnu.org/licenses/gpl.html>
# This is free software: you are free to change and redistribute it.
# There is NO WARRANTY, to the extent permitted by law.

# Make data base, printed on Fri Jul 15 10:24:01 2022

# Variables

# environment
GNUMAKEFLAGS := 
# automatic
<D = $(patsubst %/,%,$(dir $<))
# automatic
?F = $(notdir $?)
# environment
PAPERSIZE = a4
# environment
DESKTOP_SESSION = ubuntu
# default
.SHELLFLAGS := -c
# environment
XDG_SESSION_CLASS = user
# environment
XDG_SESSION_TYPE = x11
# environment
NVM_INC = /home/wando/.nvm/versions/node/v16.15.0/include/node
# automatic
?D = $(patsubst %/,%,$(dir $?))
# environment
IM_CONFIG_PHASE = 1
# automatic
@D = $(patsubst %/,%,$(dir $@))
# environment
XAUTHORITY = /run/user/1000/gdm/Xauthority
# environment
GDMSESSION = ubuntu
# environment
XMODIFIERS = @im=ibus
# makefile
CURDIR := /home/wando/Documents/docker-tut/docker-nginx-tut
# makefile
SHELL = /bin/sh
# environment
VSCODE_NLS_CONFIG = {"locale":"en-us","availableLanguages":{},"_languagePackSupport":true}
# environment
_ = /usr/share/code/code
# environment
JOURNAL_STREAM = 8:59715
# environment
XDG_CONFIG_DIRS = /etc/xdg/xdg-ubuntu:/etc/xdg
# makefile (from 'Makefile', line 1)
MAKEFILE_LIST :=  Makefile
# environment
JAVA_HOME = /usr/lib/jvm/java-1.11.0-openjdk-amd64
# automatic
@F = $(notdir $@)
# environment
GIO_LAUNCHED_DESKTOP_FILE = /usr/share/applications/code.desktop
# environment
USERNAME = wando
# environment
MAKELEVEL := 0
# environment
XDG_DATA_DIRS = /usr/share/ubuntu:/usr/local/share/:/usr/share/:/var/lib/snapd/desktop
# environment
DBUS_SESSION_BUS_ADDRESS = unix:path=/run/user/1000/bus
# environment
MANAGERPID = 2160
# environment
LESSOPEN = | /usr/bin/lesspipe %s
# environment
LC_NAME = en_GB.UTF-8
# environment
VSCODE_CWD = /home/wando
# default
MAKE_HOST := x86_64-pc-linux-gnu
# environment
PATH = /home/wando/.nvm/versions/node/v16.15.0/bin:/usr/local/sbin:/usr/local/bin:/usr/sbin:/usr/bin:/sbin:/bin:/usr/games:/usr/local/games:/snap/bin
# environment
GPG_AGENT_INFO = /run/user/1000/gnupg/S.gpg-agent:0:1
# environment
GJS_DEBUG_OUTPUT = stderr
# environment
SESSION_MANAGER = local/HP-G3:@/tmp/.ICE-unix/2377,unix/HP-G3:/tmp/.ICE-unix/2377
# environment
XDG_RUNTIME_DIR = /run/user/1000
# environment
NVM_BIN = /home/wando/.nvm/versions/node/v16.15.0/bin
# environment
XDG_MENU_PREFIX = gnome-
# environment
ELECTRON_RUN_AS_NODE = 1
# environment
INVOCATION_ID = 7b75e3e89d8342dcadc22f15e5f1849c
# default
.FEATURES := target-specific order-only second-expansion else-if shortest-stem undefine oneshell archives jobserver output-sync check-symlink load
# environment
LS_COLORS = 
# environment
XDG_SESSION_DESKTOP = ubuntu
# environment
SSH_AUTH_SOCK = /run/user/1000/keyring/ssh
# environment
GIO_LAUNCHED_DESKTOP_FILE_PID = 4681
# automatic
%F = $(notdir $%)
# environment
DISPLAY = :0
# environment
PWD = /home/wando/Documents/docker-tut/docker-nginx-tut
# default
.LOADED := 
# environment
SSH_AGENT_PID = 2339
# environment
ORIGINAL_XDG_CURRENT_DESKTOP = ubuntu:GNOME
# environment
GTK_MODULES = gail:atk-bridge
# environment
VSCODE_AMD_ENTRYPOINT = vs/workbench/api/node/extensionHostProcess
# environment
HOME = /home/wando
# environment
LESSCLOSE = /usr/bin/lesspipe %s %s
# environment
VSCODE_CODE_CACHE_PATH = /home/wando/.config/Code/CachedData/b06ae3b2d2dbfe28bca3134cc6be65935cdfea6a
# environment
LOGNAME = wando
# environment
APPLICATION_INSIGHTS_NO_DIAGNOSTIC_CHANNEL = 1
# environment
NVM_CD_FLAGS = 
# automatic
+F = $(notdir $+)
# environment
VSCODE_HANDLES_UNCAUGHT_ERRORS = true
# environment
GNOME_DESKTOP_SESSION_ID = this-is-deprecated
# automatic
^D = $(patsubst %/,%,$(dir $^))
# environment
LC_TIME = en_GB.UTF-8
# default
MAKE = $(MAKE_COMMAND)
# default
MAKECMDGOALS := all
# environment
QT_IM_MODULE = ibus
# environment
SHLVL = 0
# environment
GNOME_SHELL_SESSION_MODE = ubuntu
# default
MAKE_VERSION := 4.2.1
# environment
USER = wando
# environment
LC_MONETARY = en_GB.UTF-8
# makefile
.DEFAULT_GOAL := nginx-proxy
# environment
XDG_CURRENT_DESKTOP = Unity
# environment
LIBVIRT_DEFAULT_URI = qemu:///system
# automatic
%D = $(patsubst %/,%,$(dir $%))
# environment
LC_TELEPHONE = en_GB.UTF-8
# default
MAKE_COMMAND := make
# default
.VARIABLES := 
# automatic
*F = $(notdir $*)
# environment
VSCODE_IPC_HOOK = /run/user/1000/vscode-08aff5da-1.69.1-main.sock
# makefile
MAKEFLAGS = pqrR
# environment
MFLAGS = -pqrR
# automatic
*D = $(patsubst %/,%,$(dir $*))
# environment
NVM_DIR = /home/wando/.nvm
# automatic
+D = $(patsubst %/,%,$(dir $+))
# environment
GDK_BACKEND = x11
# environment
LC_PAPER = en_GB.UTF-8
# environment
QT_ACCESSIBILITY = 1
# default
MAKEFILES := 
# environment
LC_NUMERIC = en_GB.UTF-8
# automatic
<F = $(notdir $<)
# environment
LC_MEASUREMENT = en_GB.UTF-8
# environment
LC_ALL = C
# environment
GJS_DEBUG_TOPICS = JS ERROR;JS LOG
# automatic
^F = $(notdir $^)
# default
SUFFIXES := 
# environment
CHROME_DESKTOP = code-url-handler.desktop
# environment
WINDOWPATH = 2
# default
.INCLUDE_DIRS = /usr/include /usr/local/include /usr/include
# environment
LC_IDENTIFICATION = en_GB.UTF-8
# default
.RECIPEPREFIX := 
# environment
LC_ADDRESS = en_GB.UTF-8
# environment
LANG = C
# environment
VSCODE_PID = 4681
# variable set hash-table stats:
# Load=108/1024=11%, Rehash=0, Collisions=16/122=13%

# Pattern-specific Variable Values

# No pattern-specific variable values.

# Directories

# . (device 2053, inode 11247763): 9 files, no impossibilities.

# 9 files, no impossibilities in 1 directories.

# Implicit Rules

# No implicit rules.

# Files

nginx-proxy:
#  Implicit rule search has not been done.
#  Modification time never checked.
#  File has not been updated.
#  recipe to execute (from 'Makefile', line 2):
	docker run -d \
	--name nginx-proxy \
    -p 80:80 \
    -v /var/run/docker.sock:/tmp/docker.sock:ro jwilder/nginx-proxy
	docker run -d --name site-a -e VIRTUAL_HOST=a.designsos.org nginx
	docker run -d --name site-b -e VIRTUAL_HOST=b.designsos.org httpd

# Not a target:
all:
#  Command line target.
#  Implicit rule search has not been done.
#  Modification time never checked.
#  File has not been updated.

# Not a target:
Makefile:
#  Implicit rule search has not been done.
#  Modification time never checked.
#  File has not been updated.

# Not a target:
.DEFAULT:
#  Implicit rule search has not been done.
#  Modification time never checked.
#  File has not been updated.

nginx-proxy-https:
#  Implicit rule search has not been done.
#  Modification time never checked.
#  File has not been updated.
#  recipe to execute (from 'Makefile', line 10):
 
	# stop any previous running containers
	docker stop site-a
	docker stop site-b
	docker stop nginx-proxy
	# remove any previous containers
	docker rm site-a
	docker rm site-b
	docker rm nginx-proxy
	# make ssl certificates directory
	mkdir certs
	# run nginx proxy 
	docker run -d -p 80:80 -p 443:443 \
    --name nginx-proxy \
    -v ${HOME}/certs:/etc/nginx/certs:ro \
    -v /etc/nginx/vhost.d \
    -v /usr/share/nginx/html \
    -v /var/run/docker.sock:/tmp/docker.sock:ro \
    --label com.github.jrcs.letsencrypt_nginx_proxy_companion.nginx_proxy=true \
    jwilder/nginx-proxy
	# run LetsEncrypt companion
	docker run -d \
    --name nginx-letsencrypt \
    --volumes-from nginx-proxy \
    -v ${HOME}/certs:/etc/nginx/certs:rw \
    -v /var/run/docker.sock:/var/run/docker.sock:ro \
    jrcs/letsencrypt-nginx-proxy-companion
	# run site-a
	docker run -d \
    --name site-a \
    -e 'LETSENCRYPT_EMAIL=hillarywando@gmail.com' \
    -e 'LETSENCRYPT_HOST=a.designsos.org' \
    -e 'VIRTUAL_HOST=a.designsos.org' nginx
	# run site-b
	docker run -d \
    --name site-b \
    -e 'LETSENCRYPT_EMAIL=hillarywando@gmail.com' \
    -e 'LETSENCRYPT_HOST=b.designsos.org' \
    -e 'VIRTUAL_HOST=b.designsos.org' httpd

nginx-proxy-compose:
#  Implicit rule search has not been done.
#  Modification time never checked.
#  File has not been updated.

# files hash-table stats:
# Load=7/1024=1%, Rehash=0, Collisions=0/8=0%
# VPATH Search Paths

# No 'vpath' search paths.

# No general ('VPATH' variable) search path.

# strcache buffers: 1 (0) / strings = 17 / storage = 176 B / avg = 10 B
# current buf: size = 8162 B / used = 176 B / count = 17 / avg = 10 B

# strcache performance: lookups = 24 / hit rate = 29%
# hash-table stats:
# Load=17/8192=0%, Rehash=0, Collisions=1/24=4%
# Finished Make data base on Fri Jul 15 10:24:01 2022

 
